<?xml version="1.0" encoding="UTF-8"?>
<!-- Generated by org.testng.reporters.JUnitReportReporter -->
<testsuite hostname="DESKTOP-80I711D" failures="0" tests="1" name="CreateProject.CreateProjectandVerifyinDB" time="1.195" errors="0" timestamp="2022-09-29T22:37:51 IST" skipped="0">
  <testcase classname="CreateProject.CreateProjectandVerifyinDB" name="createProject" time="1.195"/>
  <system-out/>
</testsuite> <!-- CreateProject.CreateProjectandVerifyinDB -->
